SF:lib/app/core/exceptions/app_exception.dart
DA:5,0
DA:6,0
LF:2
LH:0
end_of_record
SF:lib/app/core/services/snack_bar/snack_bar_service.dart
DA:7,2
DA:9,0
DA:11,0
DA:12,0
LF:4
LH:1
end_of_record
SF:lib/app/modules/person/presenter/bloc/controllers/create_person_controller.dart
DA:30,1
DA:36,5
DA:39,0
DA:40,0
DA:44,0
DA:45,0
DA:48,0
DA:49,0
DA:50,0
DA:51,0
DA:55,0
DA:58,0
DA:59,0
DA:60,0
DA:61,0
DA:62,0
DA:64,0
DA:66,0
DA:67,0
DA:71,0
DA:73,0
LF:21
LH:2
end_of_record
SF:lib/app/modules/person/presenter/bloc/pages/create_person_page.dart
DA:12,1
DA:15,1
DA:18,1
DA:19,1
DA:23,3
DA:25,1
DA:27,1
DA:28,1
DA:29,1
DA:31,1
DA:32,2
DA:33,1
DA:34,1
DA:35,1
DA:38,1
DA:41,2
DA:46,1
DA:49,1
DA:51,2
DA:56,3
DA:58,1
DA:60,1
DA:63,2
DA:65,0
DA:66,0
DA:68,0
DA:73,1
DA:74,2
DA:75,1
DA:76,1
DA:80,1
DA:81,2
LF:32
LH:29
end_of_record
SF:lib/app/modules/person/presenter/bloc/stores/create_person_store.dart
DA:12,0
DA:13,0
DA:14,0
DA:17,0
DA:21,0
DA:23,0
DA:25,0
DA:27,0
DA:28,0
DA:29,0
LF:10
LH:0
end_of_record
SF:lib/app/modules/person/presenter/bloc/stores/events/create_person_event.dart
DA:4,0
DA:10,0
LF:2
LH:0
end_of_record
SF:lib/app/modules/person/presenter/bloc/stores/events/persons_event.dart
DA:2,2
DA:6,2
LF:2
LH:2
end_of_record
SF:lib/app/modules/person/presenter/bloc/stores/persons_store.dart
DA:8,0
DA:9,0
DA:14,0
DA:15,0
DA:17,0
DA:19,0
DA:21,0
DA:22,0
DA:23,0
LF:9
LH:0
end_of_record
SF:lib/app/modules/person/presenter/bloc/stores/states/create_person_state.dart
DA:5,3
DA:9,2
DA:13,2
DA:19,0
DA:25,1
DA:27,0
DA:29,0
LF:7
LH:4
end_of_record
SF:lib/app/modules/person/presenter/bloc/stores/states/persons_state.dart
DA:5,2
DA:7,0
DA:11,1
DA:17,1
DA:23,0
LF:5
LH:3
end_of_record
SF:lib/app/core/exceptions/validation_exception.dart
DA:4,0
LF:1
LH:0
end_of_record
SF:lib/app/core/utils/interfaces/facade.dart
DA:2,0
LF:1
LH:0
end_of_record
SF:lib/app/core/widgets/custom_field.dart
DA:4,1
DA:9,1
DA:15,1
DA:17,1
DA:19,1
DA:20,2
DA:21,3
DA:22,1
DA:23,2
DA:25,1
DA:26,1
LF:11
LH:11
end_of_record
SF:lib/app/core/widgets/custom_text_field.dart
DA:5,1
DA:19,1
DA:34,1
DA:36,1
DA:37,1
DA:38,1
DA:39,1
DA:40,1
DA:41,1
DA:42,1
DA:43,1
DA:44,0
DA:45,0
DA:46,0
DA:51,0
DA:52,0
DA:57,1
DA:58,1
DA:59,1
DA:61,1
LF:20
LH:15
end_of_record
SF:lib/app/core/widgets/date_field.dart
DA:7,1
DA:10,1
DA:14,1
DA:15,1
DA:19,0
DA:20,0
DA:21,0
DA:22,0
DA:23,0
DA:24,0
DA:29,0
DA:32,1
DA:34,1
DA:38,1
DA:40,2
DA:43,1
LF:16
LH:9
end_of_record
SF:lib/app/modules/person/domain/usecases/create_person_usecase.dart
DA:16,0
DA:18,0
DA:20,0
DA:21,0
DA:22,0
DA:24,0
DA:25,0
DA:26,0
DA:29,0
DA:30,0
DA:31,0
DA:34,0
DA:35,0
DA:36,0
DA:37,0
DA:40,0
DA:41,0
DA:42,0
DA:45,0
LF:19
LH:0
end_of_record
SF:lib/app/modules/person/domain/entities/person_entity.dart
DA:10,0
LF:1
LH:0
end_of_record
SF:lib/app/modules/person/domain/params/create_person_param.dart
DA:9,0
LF:1
LH:0
end_of_record
SF:lib/app/core/value_objects/email_vo.dart
DA:4,0
DA:6,0
DA:8,0
LF:3
LH:0
end_of_record
SF:lib/app/core/value_objects/_value_object.dart
DA:6,0
DA:7,0
DA:13,0
DA:15,0
DA:16,0
DA:17,0
LF:6
LH:0
end_of_record
SF:lib/app/modules/person/domain/usecases/get_persons_usecase.dart
DA:14,0
DA:16,0
DA:18,0
LF:3
LH:0
end_of_record
SF:lib/app/modules/person/presenter/bloc/pages/persons_page.dart
DA:9,0
DA:12,0
DA:16,0
DA:17,0
DA:21,0
DA:23,0
DA:25,0
DA:28,0
DA:30,0
DA:32,0
DA:33,0
DA:34,0
DA:36,0
DA:37,0
DA:38,0
DA:42,0
DA:44,0
DA:45,0
DA:46,0
DA:47,0
DA:48,0
DA:49,0
DA:50,0
DA:51,0
DA:52,0
DA:54,0
DA:55,0
DA:57,0
DA:58,0
DA:59,0
DA:61,0
DA:63,0
DA:64,0
DA:66,0
DA:67,0
DA:68,0
DA:69,0
DA:70,0
DA:75,0
DA:88,0
DA:89,0
LF:41
LH:0
end_of_record
