SF:lib/app/pages/home_page.dart
DA:9,1
DA:11,1
DA:13,1
DA:68,1
LF:4
LH:4
end_of_record
SF:lib/app/theme.dart
DA:4,3
DA:6,1
DA:18,1
DA:19,1
LF:4
LH:4
end_of_record
SF:lib/app/widgets/card_group_widget.dart
DA:5,1
DA:16,1
DA:18,1
DA:20,1
DA:21,3
DA:23,1
DA:24,0
DA:25,1
DA:26,1
DA:27,1
DA:29,1
DA:30,1
DA:31,1
DA:32,1
DA:33,1
DA:35,1
DA:36,1
DA:37,2
DA:42,1
DA:43,1
DA:44,1
DA:45,2
DA:50,1
DA:51,1
DA:52,2
LF:25
LH:24
end_of_record
SF:lib/app/widgets/home_app_bar_widget.dart
DA:4,1
DA:6,1
DA:9,1
DA:11,1
DA:13,1
DA:14,1
DA:15,1
DA:22,1
DA:24,1
DA:25,1
DA:27,2
DA:29,1
DA:31,2
DA:37,1
DA:38,1
DA:39,0
DA:45,1
DA:46,0
LF:18
LH:16
end_of_record
SF:lib/app/widgets/menu_widget.dart
DA:4,1
DA:7,0
DA:11,1
DA:13,1
DA:15,1
DA:17,1
DA:18,1
DA:19,1
DA:20,1
DA:21,2
DA:26,1
DA:27,0
DA:28,1
DA:30,2
LF:14
LH:12
end_of_record
SF:lib/app/widgets/routine_card_widget.dart
DA:6,1
DA:10,1
DA:12,1
DA:14,1
DA:15,1
DA:20,1
DA:22,1
DA:36,1
DA:38,1
DA:40,1
DA:42,1
DA:44,3
DA:45,1
LF:13
LH:13
end_of_record
SF:lib/app/widgets/percent_bar_widget.dart
DA:4,1
DA:7,0
DA:11,1
DA:13,1
DA:15,1
DA:16,1
DA:17,1
DA:21,1
DA:22,1
DA:23,1
DA:26,1
DA:28,1
DA:30,3
DA:31,1
DA:32,1
LF:15
LH:14
end_of_record
