SF:lib/app/core/failure/app_failure.dart
DA:10,1
DA:14,1
DA:15,2
DA:18,0
DA:23,0
DA:24,0
LF:6
LH:3
end_of_record
SF:lib/app/core/failure/domain_failure.dart
DA:4,1
LF:1
LH:1
end_of_record
SF:lib/app/core/utils/either.dart
DA:6,0
DA:7,0
DA:21,1
DA:23,1
DA:25,0
DA:28,1
DA:33,2
DA:40,1
DA:42,0
DA:44,1
DA:47,1
DA:52,2
DA:58,1
LF:13
LH:9
end_of_record
SF:lib/app/modules/person/domain/entities/address_entity.dart
DA:7,1
LF:1
LH:1
end_of_record
SF:lib/app/modules/person/domain/entities/person_entity.dart
DA:12,0
DA:22,0
DA:31,0
DA:32,0
DA:33,0
DA:34,0
DA:35,0
DA:36,0
DA:37,0
DA:38,0
LF:10
LH:0
end_of_record
SF:lib/app/modules/person/domain/usecases/create_person_usecase.dart
DA:15,1
DA:17,1
DA:19,2
DA:20,1
DA:21,1
DA:22,2
DA:25,2
DA:26,2
DA:29,4
DA:30,1
DA:31,1
DA:32,2
DA:35,1
DA:37,2
DA:40,1
DA:41,1
DA:42,2
DA:43,2
DA:46,4
DA:47,1
DA:48,1
DA:49,2
DA:52,3
DA:53,3
DA:54,3
DA:55,3
DA:56,2
DA:59,2
DA:62,1
DA:63,2
DA:64,3
DA:66,1
DA:69,2
DA:70,2
DA:72,1
DA:75,1
DA:76,1
DA:77,1
DA:79,2
DA:81,1
DA:84,2
DA:85,2
DA:87,1
DA:90,1
DA:91,1
DA:92,1
DA:94,2
LF:47
LH:47
end_of_record
SF:lib/app/modules/person/domain/params/create_person_param.dart
DA:11,0
LF:1
LH:0
end_of_record
SF:lib/app/core/failure/unknown_failure.dart
DA:7,0
LF:1
LH:0
end_of_record
SF:lib/app/core/utils/repository.dart
DA:8,0
DA:10,0
DA:14,0
DA:15,0
DA:16,0
DA:17,0
DA:19,0
DA:25,0
LF:8
LH:0
end_of_record
SF:lib/app/modules/person/data/repositories/person_repository.dart
DA:12,0
DA:14,0
DA:18,0
DA:19,0
DA:20,0
DA:25,0
DA:27,0
DA:28,0
DA:29,0
LF:9
LH:0
end_of_record
