SF:lib/app/modules/person/domain/entities/person_entity.dart
DA:12,0
DA:22,0
DA:31,0
DA:32,0
DA:33,0
DA:34,0
DA:35,0
DA:36,0
DA:37,0
DA:38,0
LF:10
LH:0
end_of_record
SF:lib/app/modules/person/domain/params/create_person_param.dart
DA:12,1
LF:1
LH:1
end_of_record
SF:lib/app/modules/person/domain/usecases/create_person_usecase.dart
DA:15,0
DA:17,0
DA:19,0
DA:20,0
DA:21,0
DA:22,0
DA:25,0
DA:26,0
DA:29,0
DA:30,0
DA:31,0
DA:32,0
DA:35,0
DA:37,0
DA:40,0
DA:41,0
DA:42,0
DA:43,0
DA:46,0
DA:47,0
DA:48,0
DA:49,0
DA:52,0
DA:53,0
DA:54,0
DA:55,0
DA:56,0
DA:59,0
DA:62,0
DA:63,0
DA:64,0
DA:66,0
DA:69,0
DA:70,0
DA:72,0
DA:75,0
DA:76,0
DA:77,0
DA:79,0
DA:81,0
DA:84,0
DA:85,0
DA:87,0
DA:90,0
DA:91,0
DA:92,0
DA:94,0
LF:47
LH:0
end_of_record
SF:lib/app/modules/person/presenter/cubit/add_person_cubit.dart
DA:8,0
DA:9,0
DA:13,0
DA:14,0
DA:16,0
DA:18,0
DA:20,0
DA:21,0
DA:22,0
LF:9
LH:0
end_of_record
SF:lib/app/modules/person/presenter/cubit/persons_cubit.dart
DA:7,0
DA:11,0
DA:12,0
DA:14,0
DA:16,0
DA:18,0
DA:19,0
DA:20,0
LF:8
LH:0
end_of_record
SF:lib/app/modules/person/presenter/cubit/state/add_person_state.dart
DA:4,2
DA:8,2
DA:12,1
DA:18,0
DA:24,0
LF:5
LH:3
end_of_record
SF:lib/app/modules/person/presenter/cubit/state/persons_state.dart
DA:5,2
DA:7,0
DA:11,1
DA:17,1
DA:23,0
LF:5
LH:3
end_of_record
SF:lib/app/modules/person/presenter/pages/add_person_page.dart
DA:14,1
DA:18,1
DA:23,1
DA:24,1
DA:36,1
DA:38,1
DA:40,5
DA:41,0
DA:42,0
DA:43,0
DA:44,0
DA:45,0
DA:46,0
DA:47,0
DA:54,0
DA:56,0
DA:58,0
DA:61,1
DA:63,1
DA:64,1
DA:65,1
DA:66,1
DA:67,1
DA:68,2
DA:69,1
DA:71,1
DA:78,1
DA:79,1
DA:81,1
DA:82,1
DA:83,1
DA:84,1
DA:85,1
DA:86,1
DA:90,1
DA:91,1
DA:97,1
DA:98,1
DA:102,1
DA:103,1
DA:107,1
DA:108,1
DA:112,1
DA:113,1
DA:114,3
DA:117,3
DA:119,1
DA:120,2
DA:122,2
DA:123,2
DA:124,2
DA:133,3
LF:52
LH:42
end_of_record
SF:lib/app/core/failure/app_failure.dart
DA:10,0
DA:14,0
DA:15,0
DA:18,0
DA:23,0
DA:24,0
LF:6
LH:0
end_of_record
SF:lib/app/core/failure/domain_failure.dart
DA:4,0
LF:1
LH:0
end_of_record
SF:lib/app/core/utils/either.dart
DA:6,0
DA:7,0
DA:21,0
DA:23,0
DA:25,0
DA:28,0
DA:33,0
DA:40,0
DA:42,0
DA:44,0
DA:47,0
DA:52,0
DA:58,0
LF:13
LH:0
end_of_record
SF:lib/app/modules/person/domain/entities/address_entity.dart
DA:7,1
LF:1
LH:1
end_of_record
SF:lib/app/modules/person/domain/usecases/get_persons_usecase.dart
DA:13,0
DA:15,0
DA:17,0
LF:3
LH:0
end_of_record
